<?xml version="1.0" encoding="UTF-8"?>
<!-- Generated by org.testng.reporters.JUnitReportReporter -->
<testsuite hostname="Home" name="com.well.SeleniumFramework.UserdefineTests.UserDefinedTest" tests="1" failures="0" timestamp="14 Mar 2018 14:30:45 GMT" time="288.555" errors="0">
  <testcase name="first" time="288.555" classname="com.well.SeleniumFramework.UserdefineTests.UserDefinedTest"/>
</testsuite>
